<?xml version="1.0" encoding="UTF-8"?>
<testsuite xmlns:xsi="http://www.w3.org/2001/XMLSchema-instance" xsi:noNamespaceSchemaLocation="https://maven.apache.org/surefire/maven-surefire-plugin/xsd/surefire-test-report.xsd" name="es.codeurjc.test.web.WebAppTest" time="19.956" tests="2" errors="0" skipped="0" failures="1">
  <properties>
[...]
</properties>
  <testcase name="createMessageTest" classname="es.codeurjc.test.web.WebAppTest" time="9.728"/>
  <testcase name="removeMessageTest" classname="es.codeurjc.test.web.WebAppTest" time="9.251">
    <failure message="Message should be deleted" type="java.lang.AssertionError">java.lang.AssertionError: Message should be deleted
	at es.codeurjc.test.web.WebAppTest.removeMessageTest(WebAppTest.java:108)
</failure>
    <system-out><![CDATA[16:32:59.551 [main] INFO es.codeurjc.test.web.WebAppTest - Web loaded
16:33:01.709 [main] INFO es.codeurjc.test.web.WebAppTest - Form ready
16:33:03.861 [main] INFO es.codeurjc.test.web.WebAppTest - Form submited
16:33:05.970 [main] INFO es.codeurjc.test.web.WebAppTest - Delete button clicked
]]></system-out>
    <system-err><![CDATA[Starting ChromeDriver 75.0.3770.8 (681f24ea911fe754973dda2fdc6d2a2e159dd300-refs/branch-heads/3770@{#40}) on port 23264
Only local connections are allowed.
Please protect ports used by ChromeDriver and related test frameworks to prevent access by malicious code.
Jun 12, 2019 4:32:59 PM org.openqa.selenium.remote.ProtocolHandshake createSession
INFO: Detected dialect: W3C
]]></system-err>
  </testcase>
</testsuite>